2021-04-18 16:04:58.070 +02:00 [DBG] Failed to locate the development https certificate at 'null'.
2021-04-18 16:04:58.264 +02:00 [DBG] Using development certificate: CN=localhost (Thumbprint: D29D0D8DEEAC113DCA4AA34C73CAFD3345955083)
2021-04-18 16:06:07.907 +02:00 [DBG] Failed to locate the development https certificate at 'null'.
2021-04-18 16:27:24.635 +02:00 [DBG] Failed to locate the development https certificate at 'null'.
2021-04-18 16:27:49.829 +02:00 [DBG] Wildcard detected, all requests with hosts will be allowed.
2021-04-18 16:27:50.076 +02:00 [DBG] 1 candidate(s) found for the request path '/'
2021-04-18 16:27:50.078 +02:00 [DBG] Request matched endpoint '/ HTTP: GET'
2021-04-18 16:27:51.591 +02:00 [DBG] Static files was skipped as the request already matched an endpoint.
2021-04-18 16:27:51.761 +02:00 [DBG] AuthenticationScheme: Identity.Application was not authenticated.
2021-04-18 16:27:51.774 +02:00 [INF] Executing endpoint '/ HTTP: GET'
2021-04-18 16:27:51.780 +02:00 [INF] Executed endpoint '/ HTTP: GET'
2021-04-18 16:27:52.593 +02:00 [DBG] No candidates found for the request path '/favicon.ico'
2021-04-18 16:27:52.595 +02:00 [DBG] Request did not match any endpoints
2021-04-18 16:27:52.597 +02:00 [DBG] The request path  does not match the path filter
2021-04-18 16:27:52.599 +02:00 [DBG] AuthenticationScheme: Identity.Application was not authenticated.
2021-04-18 16:28:03.034 +02:00 [DBG] No candidates found for the request path '/swagger'
2021-04-18 16:28:03.038 +02:00 [DBG] Request did not match any endpoints
2021-04-18 16:28:03.047 +02:00 [DBG] No candidates found for the request path '/swagger/index.html'
2021-04-18 16:28:03.050 +02:00 [DBG] Request did not match any endpoints
2021-04-18 16:28:04.365 +02:00 [DBG] No candidates found for the request path '/swagger/swagger-ui.css'
2021-04-18 16:28:04.366 +02:00 [DBG] No candidates found for the request path '/swagger/swagger-ui-standalone-preset.js'
2021-04-18 16:28:04.366 +02:00 [DBG] No candidates found for the request path '/swagger/swagger-ui-bundle.js'
2021-04-18 16:28:04.372 +02:00 [DBG] Request did not match any endpoints
2021-04-18 16:28:04.373 +02:00 [DBG] Request did not match any endpoints
2021-04-18 16:28:04.374 +02:00 [DBG] Request did not match any endpoints
2021-04-18 16:28:04.843 +02:00 [INF] Sending file. Request path: '/swagger-ui.css'. Physical path: 'N/A'
2021-04-18 16:28:04.973 +02:00 [INF] Sending file. Request path: '/swagger-ui-standalone-preset.js'. Physical path: 'N/A'
2021-04-18 16:28:05.100 +02:00 [INF] Sending file. Request path: '/swagger-ui-bundle.js'. Physical path: 'N/A'
2021-04-18 16:28:05.481 +02:00 [DBG] No candidates found for the request path '/swagger/v1/swagger.json'
2021-04-18 16:28:05.484 +02:00 [DBG] Request did not match any endpoints
2021-04-18 16:28:05.605 +02:00 [DBG] No candidates found for the request path '/swagger/favicon-32x32.png'
2021-04-18 16:28:05.610 +02:00 [DBG] Request did not match any endpoints
2021-04-18 16:28:05.617 +02:00 [INF] Sending file. Request path: '/favicon-32x32.png'. Physical path: 'N/A'
